[07-Jan-2026 00:24:22 Europe/Berlin] PHP Notice:  session_start(): Ignoring session_start() because a session is already active in C:\Users\HP\Desktop\HIBOS\HIBOS PROJECT(CRM)\HIBOS PROJECT(CRM)\hibos\config.php on line 7
[07-Jan-2026 00:24:39 Europe/Berlin] PHP Notice:  session_start(): Ignoring session_start() because a session is already active in C:\Users\HP\Desktop\HIBOS\HIBOS PROJECT(CRM)\HIBOS PROJECT(CRM)\hibos\config.php on line 7
[07-Jan-2026 00:28:29 Europe/Berlin] PHP Fatal error:  Uncaught PDOException: SQLSTATE[42000]: Syntax error or access violation: 1064 You have an error in your SQL syntax; check the manual that corresponds to your MariaDB server version for the right syntax to use near '... city LIKE '%maroc%' GROUP BY c.id ORDER BY ...' at line 1 in C:\Users\HP\Desktop\HIBOS\HIBOS PROJECT(CRM)\HIBOS PROJECT(CRM)\hibos\index.php:42
Stack trace:
#0 C:\Users\HP\Desktop\HIBOS\HIBOS PROJECT(CRM)\HIBOS PROJECT(CRM)\hibos\index.php(42): PDOStatement->execute()
#1 {main}
  thrown in C:\Users\HP\Desktop\HIBOS\HIBOS PROJECT(CRM)\HIBOS PROJECT(CRM)\hibos\index.php on line 42
[07-Jan-2026 00:55:30 Europe/Berlin] PHP Notice:  session_start(): Ignoring session_start() because a session is already active in C:\Users\HP\Desktop\HIBOS\HIBOS PROJECT(CRM)\HIBOS PROJECT(CRM)\hibos\config.php on line 7
[07-Jan-2026 00:56:51 Europe/Berlin] PHP Notice:  session_start(): Ignoring session_start() because a session is already active in C:\Users\HP\Desktop\HIBOS\HIBOS PROJECT(CRM)\HIBOS PROJECT(CRM)\hibos\config.php on line 7
[07-Jan-2026 00:56:51 Europe/Berlin] PHP Warning:  Undefined array key "name" in C:\Users\HP\Desktop\HIBOS\HIBOS PROJECT(CRM)\HIBOS PROJECT(CRM)\hibos\index.php on line 169
[07-Jan-2026 00:56:51 Europe/Berlin] PHP Deprecated:  htmlspecialchars(): Passing null to parameter #1 ($string) of type string is deprecated in C:\Users\HP\Desktop\HIBOS\HIBOS PROJECT(CRM)\HIBOS PROJECT(CRM)\hibos\index.php on line 169
[07-Jan-2026 00:57:11 Europe/Berlin] PHP Warning:  Undefined array key "name" in C:\Users\HP\Desktop\HIBOS\HIBOS PROJECT(CRM)\HIBOS PROJECT(CRM)\hibos\show.php on line 37
[07-Jan-2026 00:57:11 Europe/Berlin] PHP Deprecated:  htmlspecialchars(): Passing null to parameter #1 ($string) of type string is deprecated in C:\Users\HP\Desktop\HIBOS\HIBOS PROJECT(CRM)\HIBOS PROJECT(CRM)\hibos\show.php on line 37
[07-Jan-2026 00:57:11 Europe/Berlin] PHP Warning:  Undefined array key "name" in C:\Users\HP\Desktop\HIBOS\HIBOS PROJECT(CRM)\HIBOS PROJECT(CRM)\hibos\show.php on line 70
[07-Jan-2026 00:57:11 Europe/Berlin] PHP Deprecated:  htmlspecialchars(): Passing null to parameter #1 ($string) of type string is deprecated in C:\Users\HP\Desktop\HIBOS\HIBOS PROJECT(CRM)\HIBOS PROJECT(CRM)\hibos\show.php on line 70
[07-Jan-2026 00:57:53 Europe/Berlin] PHP Fatal error:  Uncaught PDOException: SQLSTATE[42000]: Syntax error or access violation: 1064 You have an error in your SQL syntax; check the manual that corresponds to your MariaDB server version for the right syntax to use near '... (name LIKE '%basma%' OR email LIKE '%basma%' OR phone LIKE '%basma%' OR n...' at line 1 in C:\Users\HP\Desktop\HIBOS\HIBOS PROJECT(CRM)\HIBOS PROJECT(CRM)\hibos\index.php:42
Stack trace:
#0 C:\Users\HP\Desktop\HIBOS\HIBOS PROJECT(CRM)\HIBOS PROJECT(CRM)\hibos\index.php(42): PDOStatement->execute()
#1 {main}
  thrown in C:\Users\HP\Desktop\HIBOS\HIBOS PROJECT(CRM)\HIBOS PROJECT(CRM)\hibos\index.php on line 42
[07-Jan-2026 00:57:56 Europe/Berlin] PHP Warning:  Undefined array key "name" in C:\Users\HP\Desktop\HIBOS\HIBOS PROJECT(CRM)\HIBOS PROJECT(CRM)\hibos\index.php on line 169
[07-Jan-2026 00:57:56 Europe/Berlin] PHP Deprecated:  htmlspecialchars(): Passing null to parameter #1 ($string) of type string is deprecated in C:\Users\HP\Desktop\HIBOS\HIBOS PROJECT(CRM)\HIBOS PROJECT(CRM)\hibos\index.php on line 169
[07-Jan-2026 00:58:04 Europe/Berlin] PHP Warning:  Undefined array key "name" in C:\Users\HP\Desktop\HIBOS\HIBOS PROJECT(CRM)\HIBOS PROJECT(CRM)\hibos\show.php on line 37
[07-Jan-2026 00:58:04 Europe/Berlin] PHP Deprecated:  htmlspecialchars(): Passing null to parameter #1 ($string) of type string is deprecated in C:\Users\HP\Desktop\HIBOS\HIBOS PROJECT(CRM)\HIBOS PROJECT(CRM)\hibos\show.php on line 37
[07-Jan-2026 00:58:04 Europe/Berlin] PHP Warning:  Undefined array key "name" in C:\Users\HP\Desktop\HIBOS\HIBOS PROJECT(CRM)\HIBOS PROJECT(CRM)\hibos\show.php on line 70
[07-Jan-2026 00:58:04 Europe/Berlin] PHP Deprecated:  htmlspecialchars(): Passing null to parameter #1 ($string) of type string is deprecated in C:\Users\HP\Desktop\HIBOS\HIBOS PROJECT(CRM)\HIBOS PROJECT(CRM)\hibos\show.php on line 70
[07-Jan-2026 00:58:57 Europe/Berlin] PHP Notice:  session_start(): Ignoring session_start() because a session is already active in C:\Users\HP\Desktop\HIBOS\HIBOS PROJECT(CRM)\HIBOS PROJECT(CRM)\hibos\config.php on line 7
[07-Jan-2026 00:59:43 Europe/Berlin] PHP Notice:  session_start(): Ignoring session_start() because a session is already active in C:\Users\HP\Desktop\HIBOS\HIBOS PROJECT(CRM)\HIBOS PROJECT(CRM)\hibos\config.php on line 7
[07-Jan-2026 00:59:43 Europe/Berlin] PHP Warning:  Undefined array key "name" in C:\Users\HP\Desktop\HIBOS\HIBOS PROJECT(CRM)\HIBOS PROJECT(CRM)\hibos\index.php on line 169
[07-Jan-2026 00:59:43 Europe/Berlin] PHP Deprecated:  htmlspecialchars(): Passing null to parameter #1 ($string) of type string is deprecated in C:\Users\HP\Desktop\HIBOS\HIBOS PROJECT(CRM)\HIBOS PROJECT(CRM)\hibos\index.php on line 169
[07-Jan-2026 00:59:43 Europe/Berlin] PHP Warning:  Undefined array key "name" in C:\Users\HP\Desktop\HIBOS\HIBOS PROJECT(CRM)\HIBOS PROJECT(CRM)\hibos\index.php on line 169
[07-Jan-2026 00:59:43 Europe/Berlin] PHP Deprecated:  htmlspecialchars(): Passing null to parameter #1 ($string) of type string is deprecated in C:\Users\HP\Desktop\HIBOS\HIBOS PROJECT(CRM)\HIBOS PROJECT(CRM)\hibos\index.php on line 169
[07-Jan-2026 01:00:05 Europe/Berlin] PHP Warning:  Undefined array key "name" in C:\Users\HP\Desktop\HIBOS\HIBOS PROJECT(CRM)\HIBOS PROJECT(CRM)\hibos\email.php on line 29
[07-Jan-2026 01:00:05 Europe/Berlin] PHP Deprecated:  htmlspecialchars(): Passing null to parameter #1 ($string) of type string is deprecated in C:\Users\HP\Desktop\HIBOS\HIBOS PROJECT(CRM)\HIBOS PROJECT(CRM)\hibos\email.php on line 29
[07-Jan-2026 01:01:58 Europe/Berlin] PHP Warning:  Undefined array key "name" in C:\Users\HP\Desktop\HIBOS\HIBOS PROJECT(CRM)\HIBOS PROJECT(CRM)\hibos\index.php on line 169
[07-Jan-2026 01:01:58 Europe/Berlin] PHP Deprecated:  htmlspecialchars(): Passing null to parameter #1 ($string) of type string is deprecated in C:\Users\HP\Desktop\HIBOS\HIBOS PROJECT(CRM)\HIBOS PROJECT(CRM)\hibos\index.php on line 169
[07-Jan-2026 01:01:58 Europe/Berlin] PHP Warning:  Undefined array key "name" in C:\Users\HP\Desktop\HIBOS\HIBOS PROJECT(CRM)\HIBOS PROJECT(CRM)\hibos\index.php on line 169
[07-Jan-2026 01:01:58 Europe/Berlin] PHP Deprecated:  htmlspecialchars(): Passing null to parameter #1 ($string) of type string is deprecated in C:\Users\HP\Desktop\HIBOS\HIBOS PROJECT(CRM)\HIBOS PROJECT(CRM)\hibos\index.php on line 169
[07-Jan-2026 01:02:08 Europe/Berlin] PHP Notice:  session_start(): Ignoring session_start() because a session is already active in C:\Users\HP\Desktop\HIBOS\HIBOS PROJECT(CRM)\HIBOS PROJECT(CRM)\hibos\config.php on line 7
[07-Jan-2026 01:02:08 Europe/Berlin] PHP Warning:  Undefined array key "name" in C:\Users\HP\Desktop\HIBOS\HIBOS PROJECT(CRM)\HIBOS PROJECT(CRM)\hibos\edit.php on line 140
[07-Jan-2026 01:02:08 Europe/Berlin] PHP Deprecated:  htmlspecialchars(): Passing null to parameter #1 ($string) of type string is deprecated in C:\Users\HP\Desktop\HIBOS\HIBOS PROJECT(CRM)\HIBOS PROJECT(CRM)\hibos\edit.php on line 140
[07-Jan-2026 01:02:16 Europe/Berlin] PHP Notice:  session_start(): Ignoring session_start() because a session is already active in C:\Users\HP\Desktop\HIBOS\HIBOS PROJECT(CRM)\HIBOS PROJECT(CRM)\hibos\config.php on line 7
[07-Jan-2026 01:02:16 Europe/Berlin] PHP Warning:  Undefined array key "name" in C:\Users\HP\Desktop\HIBOS\HIBOS PROJECT(CRM)\HIBOS PROJECT(CRM)\hibos\edit.php on line 140
[07-Jan-2026 01:02:16 Europe/Berlin] PHP Deprecated:  htmlspecialchars(): Passing null to parameter #1 ($string) of type string is deprecated in C:\Users\HP\Desktop\HIBOS\HIBOS PROJECT(CRM)\HIBOS PROJECT(CRM)\hibos\edit.php on line 140
[07-Jan-2026 01:06:53 Europe/Berlin] PHP Warning:  Undefined array key "name" in C:\Users\HP\Desktop\HIBOS\HIBOS PROJECT(CRM)\HIBOS PROJECT(CRM)\hibos\index.php on line 169
[07-Jan-2026 01:06:53 Europe/Berlin] PHP Deprecated:  htmlspecialchars(): Passing null to parameter #1 ($string) of type string is deprecated in C:\Users\HP\Desktop\HIBOS\HIBOS PROJECT(CRM)\HIBOS PROJECT(CRM)\hibos\index.php on line 169
[07-Jan-2026 01:06:53 Europe/Berlin] PHP Warning:  Undefined array key "name" in C:\Users\HP\Desktop\HIBOS\HIBOS PROJECT(CRM)\HIBOS PROJECT(CRM)\hibos\index.php on line 169
[07-Jan-2026 01:06:53 Europe/Berlin] PHP Deprecated:  htmlspecialchars(): Passing null to parameter #1 ($string) of type string is deprecated in C:\Users\HP\Desktop\HIBOS\HIBOS PROJECT(CRM)\HIBOS PROJECT(CRM)\hibos\index.php on line 169
[07-Jan-2026 01:06:58 Europe/Berlin] PHP Notice:  session_start(): Ignoring session_start() because a session is already active in C:\Users\HP\Desktop\HIBOS\HIBOS PROJECT(CRM)\HIBOS PROJECT(CRM)\hibos\config.php on line 7
[07-Jan-2026 01:07:17 Europe/Berlin] PHP Notice:  session_start(): Ignoring session_start() because a session is already active in C:\Users\HP\Desktop\HIBOS\HIBOS PROJECT(CRM)\HIBOS PROJECT(CRM)\hibos\config.php on line 7
[07-Jan-2026 01:07:17 Europe/Berlin] PHP Warning:  Undefined array key "name" in C:\Users\HP\Desktop\HIBOS\HIBOS PROJECT(CRM)\HIBOS PROJECT(CRM)\hibos\index.php on line 169
[07-Jan-2026 01:07:17 Europe/Berlin] PHP Deprecated:  htmlspecialchars(): Passing null to parameter #1 ($string) of type string is deprecated in C:\Users\HP\Desktop\HIBOS\HIBOS PROJECT(CRM)\HIBOS PROJECT(CRM)\hibos\index.php on line 169
[07-Jan-2026 01:07:17 Europe/Berlin] PHP Warning:  Undefined array key "name" in C:\Users\HP\Desktop\HIBOS\HIBOS PROJECT(CRM)\HIBOS PROJECT(CRM)\hibos\index.php on line 169
[07-Jan-2026 01:07:17 Europe/Berlin] PHP Deprecated:  htmlspecialchars(): Passing null to parameter #1 ($string) of type string is deprecated in C:\Users\HP\Desktop\HIBOS\HIBOS PROJECT(CRM)\HIBOS PROJECT(CRM)\hibos\index.php on line 169
[07-Jan-2026 01:07:17 Europe/Berlin] PHP Warning:  Undefined array key "name" in C:\Users\HP\Desktop\HIBOS\HIBOS PROJECT(CRM)\HIBOS PROJECT(CRM)\hibos\index.php on line 169
[07-Jan-2026 01:07:17 Europe/Berlin] PHP Deprecated:  htmlspecialchars(): Passing null to parameter #1 ($string) of type string is deprecated in C:\Users\HP\Desktop\HIBOS\HIBOS PROJECT(CRM)\HIBOS PROJECT(CRM)\hibos\index.php on line 169
[07-Jan-2026 01:07:37 Europe/Berlin] PHP Notice:  session_start(): Ignoring session_start() because a session is already active in C:\Users\HP\Desktop\HIBOS\HIBOS PROJECT(CRM)\HIBOS PROJECT(CRM)\hibos\config.php on line 7
[07-Jan-2026 01:07:37 Europe/Berlin] PHP Warning:  Undefined array key "name" in C:\Users\HP\Desktop\HIBOS\HIBOS PROJECT(CRM)\HIBOS PROJECT(CRM)\hibos\delete.php on line 85
[07-Jan-2026 01:07:37 Europe/Berlin] PHP Deprecated:  htmlspecialchars(): Passing null to parameter #1 ($string) of type string is deprecated in C:\Users\HP\Desktop\HIBOS\HIBOS PROJECT(CRM)\HIBOS PROJECT(CRM)\hibos\delete.php on line 85
[07-Jan-2026 01:07:42 Europe/Berlin] PHP Notice:  session_start(): Ignoring session_start() because a session is already active in C:\Users\HP\Desktop\HIBOS\HIBOS PROJECT(CRM)\HIBOS PROJECT(CRM)\hibos\config.php on line 7
[07-Jan-2026 01:07:42 Europe/Berlin] PHP Warning:  Undefined array key "name" in C:\Users\HP\Desktop\HIBOS\HIBOS PROJECT(CRM)\HIBOS PROJECT(CRM)\hibos\index.php on line 169
[07-Jan-2026 01:07:42 Europe/Berlin] PHP Deprecated:  htmlspecialchars(): Passing null to parameter #1 ($string) of type string is deprecated in C:\Users\HP\Desktop\HIBOS\HIBOS PROJECT(CRM)\HIBOS PROJECT(CRM)\hibos\index.php on line 169
[07-Jan-2026 01:07:42 Europe/Berlin] PHP Warning:  Undefined array key "name" in C:\Users\HP\Desktop\HIBOS\HIBOS PROJECT(CRM)\HIBOS PROJECT(CRM)\hibos\index.php on line 169
[07-Jan-2026 01:07:42 Europe/Berlin] PHP Deprecated:  htmlspecialchars(): Passing null to parameter #1 ($string) of type string is deprecated in C:\Users\HP\Desktop\HIBOS\HIBOS PROJECT(CRM)\HIBOS PROJECT(CRM)\hibos\index.php on line 169
[07-Jan-2026 01:07:54 Europe/Berlin] PHP Notice:  session_start(): Ignoring session_start() because a session is already active in C:\Users\HP\Desktop\HIBOS\HIBOS PROJECT(CRM)\HIBOS PROJECT(CRM)\hibos\config.php on line 7
[07-Jan-2026 01:07:54 Europe/Berlin] PHP Warning:  Undefined array key "name" in C:\Users\HP\Desktop\HIBOS\HIBOS PROJECT(CRM)\HIBOS PROJECT(CRM)\hibos\email.php on line 82
[07-Jan-2026 01:07:54 Europe/Berlin] PHP Deprecated:  htmlspecialchars(): Passing null to parameter #1 ($string) of type string is deprecated in C:\Users\HP\Desktop\HIBOS\HIBOS PROJECT(CRM)\HIBOS PROJECT(CRM)\hibos\email.php on line 82
[07-Jan-2026 01:11:49 Europe/Berlin] PHP Warning:  Undefined array key "name" in C:\Users\HP\Desktop\HIBOS\HIBOS PROJECT(CRM)\HIBOS PROJECT(CRM)\hibos\index.php on line 169
[07-Jan-2026 01:11:49 Europe/Berlin] PHP Deprecated:  htmlspecialchars(): Passing null to parameter #1 ($string) of type string is deprecated in C:\Users\HP\Desktop\HIBOS\HIBOS PROJECT(CRM)\HIBOS PROJECT(CRM)\hibos\index.php on line 169
[07-Jan-2026 01:11:49 Europe/Berlin] PHP Warning:  Undefined array key "name" in C:\Users\HP\Desktop\HIBOS\HIBOS PROJECT(CRM)\HIBOS PROJECT(CRM)\hibos\index.php on line 169
[07-Jan-2026 01:11:49 Europe/Berlin] PHP Deprecated:  htmlspecialchars(): Passing null to parameter #1 ($string) of type string is deprecated in C:\Users\HP\Desktop\HIBOS\HIBOS PROJECT(CRM)\HIBOS PROJECT(CRM)\hibos\index.php on line 169
[07-Jan-2026 01:12:18 Europe/Berlin] PHP Warning:  Undefined array key "name" in C:\Users\HP\Desktop\HIBOS\HIBOS PROJECT(CRM)\HIBOS PROJECT(CRM)\hibos\index.php on line 169
[07-Jan-2026 01:12:18 Europe/Berlin] PHP Deprecated:  htmlspecialchars(): Passing null to parameter #1 ($string) of type string is deprecated in C:\Users\HP\Desktop\HIBOS\HIBOS PROJECT(CRM)\HIBOS PROJECT(CRM)\hibos\index.php on line 169
[07-Jan-2026 01:12:18 Europe/Berlin] PHP Warning:  Undefined array key "name" in C:\Users\HP\Desktop\HIBOS\HIBOS PROJECT(CRM)\HIBOS PROJECT(CRM)\hibos\index.php on line 169
[07-Jan-2026 01:12:18 Europe/Berlin] PHP Deprecated:  htmlspecialchars(): Passing null to parameter #1 ($string) of type string is deprecated in C:\Users\HP\Desktop\HIBOS\HIBOS PROJECT(CRM)\HIBOS PROJECT(CRM)\hibos\index.php on line 169
[07-Jan-2026 01:12:23 Europe/Berlin] PHP Notice:  session_start(): Ignoring session_start() because a session is already active in C:\Users\HP\Desktop\HIBOS\HIBOS PROJECT(CRM)\HIBOS PROJECT(CRM)\hibos\config.php on line 7
[07-Jan-2026 01:12:23 Europe/Berlin] PHP Warning:  Undefined array key "name" in C:\Users\HP\Desktop\HIBOS\HIBOS PROJECT(CRM)\HIBOS PROJECT(CRM)\hibos\edit.php on line 140
[07-Jan-2026 01:12:23 Europe/Berlin] PHP Deprecated:  htmlspecialchars(): Passing null to parameter #1 ($string) of type string is deprecated in C:\Users\HP\Desktop\HIBOS\HIBOS PROJECT(CRM)\HIBOS PROJECT(CRM)\hibos\edit.php on line 140
[07-Jan-2026 01:12:29 Europe/Berlin] PHP Notice:  session_start(): Ignoring session_start() because a session is already active in C:\Users\HP\Desktop\HIBOS\HIBOS PROJECT(CRM)\HIBOS PROJECT(CRM)\hibos\config.php on line 7
[07-Jan-2026 01:12:29 Europe/Berlin] PHP Warning:  Undefined array key "name" in C:\Users\HP\Desktop\HIBOS\HIBOS PROJECT(CRM)\HIBOS PROJECT(CRM)\hibos\email.php on line 82
[07-Jan-2026 01:12:29 Europe/Berlin] PHP Deprecated:  htmlspecialchars(): Passing null to parameter #1 ($string) of type string is deprecated in C:\Users\HP\Desktop\HIBOS\HIBOS PROJECT(CRM)\HIBOS PROJECT(CRM)\hibos\email.php on line 82
[07-Jan-2026 01:12:37 Europe/Berlin] PHP Warning:  Undefined array key "name" in C:\Users\HP\Desktop\HIBOS\HIBOS PROJECT(CRM)\HIBOS PROJECT(CRM)\hibos\index.php on line 169
[07-Jan-2026 01:12:37 Europe/Berlin] PHP Deprecated:  htmlspecialchars(): Passing null to parameter #1 ($string) of type string is deprecated in C:\Users\HP\Desktop\HIBOS\HIBOS PROJECT(CRM)\HIBOS PROJECT(CRM)\hibos\index.php on line 169
[07-Jan-2026 01:12:37 Europe/Berlin] PHP Warning:  Undefined array key "name" in C:\Users\HP\Desktop\HIBOS\HIBOS PROJECT(CRM)\HIBOS PROJECT(CRM)\hibos\index.php on line 169
[07-Jan-2026 01:12:37 Europe/Berlin] PHP Deprecated:  htmlspecialchars(): Passing null to parameter #1 ($string) of type string is deprecated in C:\Users\HP\Desktop\HIBOS\HIBOS PROJECT(CRM)\HIBOS PROJECT(CRM)\hibos\index.php on line 169
[07-Jan-2026 01:12:47 Europe/Berlin] PHP Notice:  session_start(): Ignoring session_start() because a session is already active in C:\Users\HP\Desktop\HIBOS\HIBOS PROJECT(CRM)\HIBOS PROJECT(CRM)\hibos\config.php on line 7
[07-Jan-2026 13:23:17 Europe/Berlin] PHP Warning:  Undefined array key "name" in C:\Users\HP\Desktop\HIBOS\HIBOS PROJECT(CRM)\HIBOS PROJECT(CRM)\hibos\index.php on line 169
[07-Jan-2026 13:23:17 Europe/Berlin] PHP Deprecated:  htmlspecialchars(): Passing null to parameter #1 ($string) of type string is deprecated in C:\Users\HP\Desktop\HIBOS\HIBOS PROJECT(CRM)\HIBOS PROJECT(CRM)\hibos\index.php on line 169
[07-Jan-2026 13:23:17 Europe/Berlin] PHP Warning:  Undefined array key "name" in C:\Users\HP\Desktop\HIBOS\HIBOS PROJECT(CRM)\HIBOS PROJECT(CRM)\hibos\index.php on line 169
[07-Jan-2026 13:23:17 Europe/Berlin] PHP Deprecated:  htmlspecialchars(): Passing null to parameter #1 ($string) of type string is deprecated in C:\Users\HP\Desktop\HIBOS\HIBOS PROJECT(CRM)\HIBOS PROJECT(CRM)\hibos\index.php on line 169
[07-Jan-2026 13:23:37 Europe/Berlin] PHP Warning:  Undefined array key "name" in C:\Users\HP\Desktop\HIBOS\HIBOS PROJECT(CRM)\HIBOS PROJECT(CRM)\hibos\show.php on line 37
[07-Jan-2026 13:23:37 Europe/Berlin] PHP Deprecated:  htmlspecialchars(): Passing null to parameter #1 ($string) of type string is deprecated in C:\Users\HP\Desktop\HIBOS\HIBOS PROJECT(CRM)\HIBOS PROJECT(CRM)\hibos\show.php on line 37
[07-Jan-2026 13:23:37 Europe/Berlin] PHP Warning:  Undefined array key "name" in C:\Users\HP\Desktop\HIBOS\HIBOS PROJECT(CRM)\HIBOS PROJECT(CRM)\hibos\show.php on line 70
[07-Jan-2026 13:23:37 Europe/Berlin] PHP Deprecated:  htmlspecialchars(): Passing null to parameter #1 ($string) of type string is deprecated in C:\Users\HP\Desktop\HIBOS\HIBOS PROJECT(CRM)\HIBOS PROJECT(CRM)\hibos\show.php on line 70
[07-Jan-2026 13:23:52 Europe/Berlin] PHP Warning:  Undefined array key "name" in C:\Users\HP\Desktop\HIBOS\HIBOS PROJECT(CRM)\HIBOS PROJECT(CRM)\hibos\index.php on line 169
[07-Jan-2026 13:23:52 Europe/Berlin] PHP Deprecated:  htmlspecialchars(): Passing null to parameter #1 ($string) of type string is deprecated in C:\Users\HP\Desktop\HIBOS\HIBOS PROJECT(CRM)\HIBOS PROJECT(CRM)\hibos\index.php on line 169
[07-Jan-2026 13:23:52 Europe/Berlin] PHP Warning:  Undefined array key "name" in C:\Users\HP\Desktop\HIBOS\HIBOS PROJECT(CRM)\HIBOS PROJECT(CRM)\hibos\index.php on line 169
[07-Jan-2026 13:23:52 Europe/Berlin] PHP Deprecated:  htmlspecialchars(): Passing null to parameter #1 ($string) of type string is deprecated in C:\Users\HP\Desktop\HIBOS\HIBOS PROJECT(CRM)\HIBOS PROJECT(CRM)\hibos\index.php on line 169
[07-Jan-2026 15:07:04 Europe/Berlin] PHP Warning:  Undefined array key "name" in C:\Users\HP\Desktop\HIBOS\HIBOS PROJECT(CRM)\HIBOS PROJECT(CRM)\hibos\index.php on line 169
[07-Jan-2026 15:07:04 Europe/Berlin] PHP Deprecated:  htmlspecialchars(): Passing null to parameter #1 ($string) of type string is deprecated in C:\Users\HP\Desktop\HIBOS\HIBOS PROJECT(CRM)\HIBOS PROJECT(CRM)\hibos\index.php on line 169
[07-Jan-2026 15:07:04 Europe/Berlin] PHP Warning:  Undefined array key "name" in C:\Users\HP\Desktop\HIBOS\HIBOS PROJECT(CRM)\HIBOS PROJECT(CRM)\hibos\index.php on line 169
[07-Jan-2026 15:07:04 Europe/Berlin] PHP Deprecated:  htmlspecialchars(): Passing null to parameter #1 ($string) of type string is deprecated in C:\Users\HP\Desktop\HIBOS\HIBOS PROJECT(CRM)\HIBOS PROJECT(CRM)\hibos\index.php on line 169
[07-Jan-2026 15:07:25 Europe/Berlin] PHP Notice:  session_start(): Ignoring session_start() because a session is already active in C:\Users\HP\Desktop\HIBOS\HIBOS PROJECT(CRM)\HIBOS PROJECT(CRM)\hibos\config.php on line 7
[07-Jan-2026 15:07:25 Europe/Berlin] PHP Warning:  Undefined array key "name" in C:\Users\HP\Desktop\HIBOS\HIBOS PROJECT(CRM)\HIBOS PROJECT(CRM)\hibos\edit.php on line 140
[07-Jan-2026 15:07:25 Europe/Berlin] PHP Deprecated:  htmlspecialchars(): Passing null to parameter #1 ($string) of type string is deprecated in C:\Users\HP\Desktop\HIBOS\HIBOS PROJECT(CRM)\HIBOS PROJECT(CRM)\hibos\edit.php on line 140
[07-Jan-2026 15:09:53 Europe/Berlin] PHP Notice:  session_start(): Ignoring session_start() because a session is already active in C:\Users\HP\Desktop\HIBOS\HIBOS PROJECT(CRM)\HIBOS PROJECT(CRM)\hibos\config.php on line 7
[07-Jan-2026 15:09:53 Europe/Berlin] PHP Warning:  Undefined array key "name" in C:\Users\HP\Desktop\HIBOS\HIBOS PROJECT(CRM)\HIBOS PROJECT(CRM)\hibos\show.php on line 37
[07-Jan-2026 15:09:53 Europe/Berlin] PHP Deprecated:  htmlspecialchars(): Passing null to parameter #1 ($string) of type string is deprecated in C:\Users\HP\Desktop\HIBOS\HIBOS PROJECT(CRM)\HIBOS PROJECT(CRM)\hibos\show.php on line 37
[07-Jan-2026 15:09:53 Europe/Berlin] PHP Warning:  Undefined array key "name" in C:\Users\HP\Desktop\HIBOS\HIBOS PROJECT(CRM)\HIBOS PROJECT(CRM)\hibos\show.php on line 70
[07-Jan-2026 15:09:53 Europe/Berlin] PHP Deprecated:  htmlspecialchars(): Passing null to parameter #1 ($string) of type string is deprecated in C:\Users\HP\Desktop\HIBOS\HIBOS PROJECT(CRM)\HIBOS PROJECT(CRM)\hibos\show.php on line 70
[07-Jan-2026 15:09:58 Europe/Berlin] PHP Warning:  Undefined array key "name" in C:\Users\HP\Desktop\HIBOS\HIBOS PROJECT(CRM)\HIBOS PROJECT(CRM)\hibos\index.php on line 169
[07-Jan-2026 15:09:58 Europe/Berlin] PHP Deprecated:  htmlspecialchars(): Passing null to parameter #1 ($string) of type string is deprecated in C:\Users\HP\Desktop\HIBOS\HIBOS PROJECT(CRM)\HIBOS PROJECT(CRM)\hibos\index.php on line 169
[07-Jan-2026 15:09:58 Europe/Berlin] PHP Warning:  Undefined array key "name" in C:\Users\HP\Desktop\HIBOS\HIBOS PROJECT(CRM)\HIBOS PROJECT(CRM)\hibos\index.php on line 169
[07-Jan-2026 15:09:58 Europe/Berlin] PHP Deprecated:  htmlspecialchars(): Passing null to parameter #1 ($string) of type string is deprecated in C:\Users\HP\Desktop\HIBOS\HIBOS PROJECT(CRM)\HIBOS PROJECT(CRM)\hibos\index.php on line 169
[07-Jan-2026 15:10:07 Europe/Berlin] PHP Notice:  session_start(): Ignoring session_start() because a session is already active in C:\Users\HP\Desktop\HIBOS\HIBOS PROJECT(CRM)\HIBOS PROJECT(CRM)\hibos\config.php on line 7
[07-Jan-2026 15:10:07 Europe/Berlin] PHP Warning:  Undefined array key "name" in C:\Users\HP\Desktop\HIBOS\HIBOS PROJECT(CRM)\HIBOS PROJECT(CRM)\hibos\edit.php on line 140
[07-Jan-2026 15:10:07 Europe/Berlin] PHP Deprecated:  htmlspecialchars(): Passing null to parameter #1 ($string) of type string is deprecated in C:\Users\HP\Desktop\HIBOS\HIBOS PROJECT(CRM)\HIBOS PROJECT(CRM)\hibos\edit.php on line 140
[07-Jan-2026 15:10:47 Europe/Berlin] PHP Notice:  session_start(): Ignoring session_start() because a session is already active in C:\Users\HP\Desktop\HIBOS\HIBOS PROJECT(CRM)\HIBOS PROJECT(CRM)\hibos\config.php on line 7
[07-Jan-2026 15:10:47 Europe/Berlin] PHP Warning:  Undefined array key "name" in C:\Users\HP\Desktop\HIBOS\HIBOS PROJECT(CRM)\HIBOS PROJECT(CRM)\hibos\show.php on line 37
[07-Jan-2026 15:10:47 Europe/Berlin] PHP Deprecated:  htmlspecialchars(): Passing null to parameter #1 ($string) of type string is deprecated in C:\Users\HP\Desktop\HIBOS\HIBOS PROJECT(CRM)\HIBOS PROJECT(CRM)\hibos\show.php on line 37
[07-Jan-2026 15:10:47 Europe/Berlin] PHP Warning:  Undefined array key "name" in C:\Users\HP\Desktop\HIBOS\HIBOS PROJECT(CRM)\HIBOS PROJECT(CRM)\hibos\show.php on line 70
[07-Jan-2026 15:10:47 Europe/Berlin] PHP Deprecated:  htmlspecialchars(): Passing null to parameter #1 ($string) of type string is deprecated in C:\Users\HP\Desktop\HIBOS\HIBOS PROJECT(CRM)\HIBOS PROJECT(CRM)\hibos\show.php on line 70
[07-Jan-2026 15:10:49 Europe/Berlin] PHP Warning:  Undefined array key "name" in C:\Users\HP\Desktop\HIBOS\HIBOS PROJECT(CRM)\HIBOS PROJECT(CRM)\hibos\index.php on line 169
[07-Jan-2026 15:10:49 Europe/Berlin] PHP Deprecated:  htmlspecialchars(): Passing null to parameter #1 ($string) of type string is deprecated in C:\Users\HP\Desktop\HIBOS\HIBOS PROJECT(CRM)\HIBOS PROJECT(CRM)\hibos\index.php on line 169
[07-Jan-2026 15:10:49 Europe/Berlin] PHP Warning:  Undefined array key "name" in C:\Users\HP\Desktop\HIBOS\HIBOS PROJECT(CRM)\HIBOS PROJECT(CRM)\hibos\index.php on line 169
[07-Jan-2026 15:10:49 Europe/Berlin] PHP Deprecated:  htmlspecialchars(): Passing null to parameter #1 ($string) of type string is deprecated in C:\Users\HP\Desktop\HIBOS\HIBOS PROJECT(CRM)\HIBOS PROJECT(CRM)\hibos\index.php on line 169
[07-Jan-2026 15:11:16 Europe/Berlin] PHP Notice:  session_start(): Ignoring session_start() because a session is already active in C:\Users\HP\Desktop\HIBOS\HIBOS PROJECT(CRM)\HIBOS PROJECT(CRM)\hibos\config.php on line 7
[07-Jan-2026 15:11:16 Europe/Berlin] PHP Warning:  Undefined array key "name" in C:\Users\HP\Desktop\HIBOS\HIBOS PROJECT(CRM)\HIBOS PROJECT(CRM)\hibos\edit.php on line 140
[07-Jan-2026 15:11:16 Europe/Berlin] PHP Deprecated:  htmlspecialchars(): Passing null to parameter #1 ($string) of type string is deprecated in C:\Users\HP\Desktop\HIBOS\HIBOS PROJECT(CRM)\HIBOS PROJECT(CRM)\hibos\edit.php on line 140
[07-Jan-2026 15:12:02 Europe/Berlin] PHP Notice:  session_start(): Ignoring session_start() because a session is already active in C:\Users\HP\Desktop\HIBOS\HIBOS PROJECT(CRM)\HIBOS PROJECT(CRM)\hibos\config.php on line 7
[07-Jan-2026 15:12:02 Europe/Berlin] PHP Warning:  Undefined array key "name" in C:\Users\HP\Desktop\HIBOS\HIBOS PROJECT(CRM)\HIBOS PROJECT(CRM)\hibos\show.php on line 37
[07-Jan-2026 15:12:02 Europe/Berlin] PHP Deprecated:  htmlspecialchars(): Passing null to parameter #1 ($string) of type string is deprecated in C:\Users\HP\Desktop\HIBOS\HIBOS PROJECT(CRM)\HIBOS PROJECT(CRM)\hibos\show.php on line 37
[07-Jan-2026 15:12:02 Europe/Berlin] PHP Warning:  Undefined array key "name" in C:\Users\HP\Desktop\HIBOS\HIBOS PROJECT(CRM)\HIBOS PROJECT(CRM)\hibos\show.php on line 70
[07-Jan-2026 15:12:02 Europe/Berlin] PHP Deprecated:  htmlspecialchars(): Passing null to parameter #1 ($string) of type string is deprecated in C:\Users\HP\Desktop\HIBOS\HIBOS PROJECT(CRM)\HIBOS PROJECT(CRM)\hibos\show.php on line 70
[07-Jan-2026 15:12:39 Europe/Berlin] PHP Notice:  session_start(): Ignoring session_start() because a session is already active in C:\Users\HP\Desktop\HIBOS\HIBOS PROJECT(CRM)\HIBOS PROJECT(CRM)\hibos\config.php on line 7
[07-Jan-2026 15:12:47 Europe/Berlin] PHP Notice:  session_start(): Ignoring session_start() because a session is already active in C:\Users\HP\Desktop\HIBOS\HIBOS PROJECT(CRM)\HIBOS PROJECT(CRM)\hibos\config.php on line 7
[07-Jan-2026 15:12:47 Europe/Berlin] PHP Warning:  Undefined array key "name" in C:\Users\HP\Desktop\HIBOS\HIBOS PROJECT(CRM)\HIBOS PROJECT(CRM)\hibos\index.php on line 169
[07-Jan-2026 15:12:47 Europe/Berlin] PHP Deprecated:  htmlspecialchars(): Passing null to parameter #1 ($string) of type string is deprecated in C:\Users\HP\Desktop\HIBOS\HIBOS PROJECT(CRM)\HIBOS PROJECT(CRM)\hibos\index.php on line 169
[07-Jan-2026 15:12:47 Europe/Berlin] PHP Warning:  Undefined array key "name" in C:\Users\HP\Desktop\HIBOS\HIBOS PROJECT(CRM)\HIBOS PROJECT(CRM)\hibos\index.php on line 169
[07-Jan-2026 15:12:47 Europe/Berlin] PHP Deprecated:  htmlspecialchars(): Passing null to parameter #1 ($string) of type string is deprecated in C:\Users\HP\Desktop\HIBOS\HIBOS PROJECT(CRM)\HIBOS PROJECT(CRM)\hibos\index.php on line 169
[07-Jan-2026 15:12:47 Europe/Berlin] PHP Warning:  Undefined array key "name" in C:\Users\HP\Desktop\HIBOS\HIBOS PROJECT(CRM)\HIBOS PROJECT(CRM)\hibos\index.php on line 169
[07-Jan-2026 15:12:47 Europe/Berlin] PHP Deprecated:  htmlspecialchars(): Passing null to parameter #1 ($string) of type string is deprecated in C:\Users\HP\Desktop\HIBOS\HIBOS PROJECT(CRM)\HIBOS PROJECT(CRM)\hibos\index.php on line 169
[07-Jan-2026 15:13:02 Europe/Berlin] PHP Notice:  session_start(): Ignoring session_start() because a session is already active in C:\Users\HP\Desktop\HIBOS\HIBOS PROJECT(CRM)\HIBOS PROJECT(CRM)\hibos\config.php on line 7
[07-Jan-2026 15:13:02 Europe/Berlin] PHP Warning:  Undefined array key "name" in C:\Users\HP\Desktop\HIBOS\HIBOS PROJECT(CRM)\HIBOS PROJECT(CRM)\hibos\delete.php on line 85
[07-Jan-2026 15:13:02 Europe/Berlin] PHP Deprecated:  htmlspecialchars(): Passing null to parameter #1 ($string) of type string is deprecated in C:\Users\HP\Desktop\HIBOS\HIBOS PROJECT(CRM)\HIBOS PROJECT(CRM)\hibos\delete.php on line 85
[07-Jan-2026 15:13:13 Europe/Berlin] PHP Notice:  session_start(): Ignoring session_start() because a session is already active in C:\Users\HP\Desktop\HIBOS\HIBOS PROJECT(CRM)\HIBOS PROJECT(CRM)\hibos\config.php on line 7
[07-Jan-2026 15:13:13 Europe/Berlin] PHP Warning:  Undefined array key "name" in C:\Users\HP\Desktop\HIBOS\HIBOS PROJECT(CRM)\HIBOS PROJECT(CRM)\hibos\index.php on line 169
[07-Jan-2026 15:13:13 Europe/Berlin] PHP Deprecated:  htmlspecialchars(): Passing null to parameter #1 ($string) of type string is deprecated in C:\Users\HP\Desktop\HIBOS\HIBOS PROJECT(CRM)\HIBOS PROJECT(CRM)\hibos\index.php on line 169
[07-Jan-2026 15:13:13 Europe/Berlin] PHP Warning:  Undefined array key "name" in C:\Users\HP\Desktop\HIBOS\HIBOS PROJECT(CRM)\HIBOS PROJECT(CRM)\hibos\index.php on line 169
[07-Jan-2026 15:13:13 Europe/Berlin] PHP Deprecated:  htmlspecialchars(): Passing null to parameter #1 ($string) of type string is deprecated in C:\Users\HP\Desktop\HIBOS\HIBOS PROJECT(CRM)\HIBOS PROJECT(CRM)\hibos\index.php on line 169
[07-Jan-2026 15:31:17 Europe/Berlin] PHP Warning:  Undefined array key "name" in C:\Users\HP\Desktop\HIBOS\HIBOS PROJECT(CRM)\HIBOS PROJECT(CRM)\hibos\index.php on line 169
[07-Jan-2026 15:31:17 Europe/Berlin] PHP Deprecated:  htmlspecialchars(): Passing null to parameter #1 ($string) of type string is deprecated in C:\Users\HP\Desktop\HIBOS\HIBOS PROJECT(CRM)\HIBOS PROJECT(CRM)\hibos\index.php on line 169
[07-Jan-2026 15:31:17 Europe/Berlin] PHP Warning:  Undefined array key "name" in C:\Users\HP\Desktop\HIBOS\HIBOS PROJECT(CRM)\HIBOS PROJECT(CRM)\hibos\index.php on line 169
[07-Jan-2026 15:31:17 Europe/Berlin] PHP Deprecated:  htmlspecialchars(): Passing null to parameter #1 ($string) of type string is deprecated in C:\Users\HP\Desktop\HIBOS\HIBOS PROJECT(CRM)\HIBOS PROJECT(CRM)\hibos\index.php on line 169
[07-Jan-2026 15:31:28 Europe/Berlin] PHP Notice:  session_start(): Ignoring session_start() because a session is already active in C:\Users\HP\Desktop\HIBOS\HIBOS PROJECT(CRM)\HIBOS PROJECT(CRM)\hibos\config.php on line 7
[07-Jan-2026 15:31:28 Europe/Berlin] PHP Warning:  Undefined array key "name" in C:\Users\HP\Desktop\HIBOS\HIBOS PROJECT(CRM)\HIBOS PROJECT(CRM)\hibos\email.php on line 82
[07-Jan-2026 15:31:28 Europe/Berlin] PHP Deprecated:  htmlspecialchars(): Passing null to parameter #1 ($string) of type string is deprecated in C:\Users\HP\Desktop\HIBOS\HIBOS PROJECT(CRM)\HIBOS PROJECT(CRM)\hibos\email.php on line 82
[07-Jan-2026 15:31:52 Europe/Berlin] PHP Notice:  session_start(): Ignoring session_start() because a session is already active in C:\Users\HP\Desktop\HIBOS\HIBOS PROJECT(CRM)\HIBOS PROJECT(CRM)\hibos\config.php on line 7
[07-Jan-2026 15:31:52 Europe/Berlin] PHP Warning:  Undefined array key "name" in C:\Users\HP\Desktop\HIBOS\HIBOS PROJECT(CRM)\HIBOS PROJECT(CRM)\hibos\edit.php on line 140
[07-Jan-2026 15:31:52 Europe/Berlin] PHP Deprecated:  htmlspecialchars(): Passing null to parameter #1 ($string) of type string is deprecated in C:\Users\HP\Desktop\HIBOS\HIBOS PROJECT(CRM)\HIBOS PROJECT(CRM)\hibos\edit.php on line 140
[07-Jan-2026 15:32:13 Europe/Berlin] PHP Notice:  session_start(): Ignoring session_start() because a session is already active in C:\Users\HP\Desktop\HIBOS\HIBOS PROJECT(CRM)\HIBOS PROJECT(CRM)\hibos\config.php on line 7
[07-Jan-2026 15:32:13 Europe/Berlin] PHP Warning:  Undefined array key "name" in C:\Users\HP\Desktop\HIBOS\HIBOS PROJECT(CRM)\HIBOS PROJECT(CRM)\hibos\edit.php on line 140
[07-Jan-2026 15:32:13 Europe/Berlin] PHP Deprecated:  htmlspecialchars(): Passing null to parameter #1 ($string) of type string is deprecated in C:\Users\HP\Desktop\HIBOS\HIBOS PROJECT(CRM)\HIBOS PROJECT(CRM)\hibos\edit.php on line 140
[07-Jan-2026 15:32:42 Europe/Berlin] PHP Notice:  session_start(): Ignoring session_start() because a session is already active in C:\Users\HP\Desktop\HIBOS\HIBOS PROJECT(CRM)\HIBOS PROJECT(CRM)\hibos\config.php on line 7
[07-Jan-2026 15:32:42 Europe/Berlin] PHP Warning:  Undefined array key "name" in C:\Users\HP\Desktop\HIBOS\HIBOS PROJECT(CRM)\HIBOS PROJECT(CRM)\hibos\show.php on line 37
[07-Jan-2026 15:32:42 Europe/Berlin] PHP Deprecated:  htmlspecialchars(): Passing null to parameter #1 ($string) of type string is deprecated in C:\Users\HP\Desktop\HIBOS\HIBOS PROJECT(CRM)\HIBOS PROJECT(CRM)\hibos\show.php on line 37
[07-Jan-2026 15:32:42 Europe/Berlin] PHP Warning:  Undefined array key "name" in C:\Users\HP\Desktop\HIBOS\HIBOS PROJECT(CRM)\HIBOS PROJECT(CRM)\hibos\show.php on line 70
[07-Jan-2026 15:32:42 Europe/Berlin] PHP Deprecated:  htmlspecialchars(): Passing null to parameter #1 ($string) of type string is deprecated in C:\Users\HP\Desktop\HIBOS\HIBOS PROJECT(CRM)\HIBOS PROJECT(CRM)\hibos\show.php on line 70
[07-Jan-2026 15:32:56 Europe/Berlin] PHP Notice:  session_start(): Ignoring session_start() because a session is already active in C:\Users\HP\Desktop\HIBOS\HIBOS PROJECT(CRM)\HIBOS PROJECT(CRM)\hibos\config.php on line 7
[07-Jan-2026 15:32:56 Europe/Berlin] PHP Warning:  Undefined array key "name" in C:\Users\HP\Desktop\HIBOS\HIBOS PROJECT(CRM)\HIBOS PROJECT(CRM)\hibos\edit.php on line 140
[07-Jan-2026 15:32:56 Europe/Berlin] PHP Deprecated:  htmlspecialchars(): Passing null to parameter #1 ($string) of type string is deprecated in C:\Users\HP\Desktop\HIBOS\HIBOS PROJECT(CRM)\HIBOS PROJECT(CRM)\hibos\edit.php on line 140
[07-Jan-2026 15:33:02 Europe/Berlin] PHP Notice:  session_start(): Ignoring session_start() because a session is already active in C:\Users\HP\Desktop\HIBOS\HIBOS PROJECT(CRM)\HIBOS PROJECT(CRM)\hibos\config.php on line 7
[07-Jan-2026 15:33:02 Europe/Berlin] PHP Warning:  Undefined array key "name" in C:\Users\HP\Desktop\HIBOS\HIBOS PROJECT(CRM)\HIBOS PROJECT(CRM)\hibos\show.php on line 37
[07-Jan-2026 15:33:02 Europe/Berlin] PHP Deprecated:  htmlspecialchars(): Passing null to parameter #1 ($string) of type string is deprecated in C:\Users\HP\Desktop\HIBOS\HIBOS PROJECT(CRM)\HIBOS PROJECT(CRM)\hibos\show.php on line 37
[07-Jan-2026 15:33:02 Europe/Berlin] PHP Warning:  Undefined array key "name" in C:\Users\HP\Desktop\HIBOS\HIBOS PROJECT(CRM)\HIBOS PROJECT(CRM)\hibos\show.php on line 70
[07-Jan-2026 15:33:02 Europe/Berlin] PHP Deprecated:  htmlspecialchars(): Passing null to parameter #1 ($string) of type string is deprecated in C:\Users\HP\Desktop\HIBOS\HIBOS PROJECT(CRM)\HIBOS PROJECT(CRM)\hibos\show.php on line 70
[07-Jan-2026 15:33:05 Europe/Berlin] PHP Warning:  Undefined array key "name" in C:\Users\HP\Desktop\HIBOS\HIBOS PROJECT(CRM)\HIBOS PROJECT(CRM)\hibos\index.php on line 169
[07-Jan-2026 15:33:05 Europe/Berlin] PHP Deprecated:  htmlspecialchars(): Passing null to parameter #1 ($string) of type string is deprecated in C:\Users\HP\Desktop\HIBOS\HIBOS PROJECT(CRM)\HIBOS PROJECT(CRM)\hibos\index.php on line 169
[07-Jan-2026 15:33:05 Europe/Berlin] PHP Warning:  Undefined array key "name" in C:\Users\HP\Desktop\HIBOS\HIBOS PROJECT(CRM)\HIBOS PROJECT(CRM)\hibos\index.php on line 169
[07-Jan-2026 15:33:05 Europe/Berlin] PHP Deprecated:  htmlspecialchars(): Passing null to parameter #1 ($string) of type string is deprecated in C:\Users\HP\Desktop\HIBOS\HIBOS PROJECT(CRM)\HIBOS PROJECT(CRM)\hibos\index.php on line 169
[07-Jan-2026 15:33:11 Europe/Berlin] PHP Notice:  session_start(): Ignoring session_start() because a session is already active in C:\Users\HP\Desktop\HIBOS\HIBOS PROJECT(CRM)\HIBOS PROJECT(CRM)\hibos\config.php on line 7
[07-Jan-2026 15:33:11 Europe/Berlin] PHP Warning:  Undefined array key "name" in C:\Users\HP\Desktop\HIBOS\HIBOS PROJECT(CRM)\HIBOS PROJECT(CRM)\hibos\email.php on line 82
[07-Jan-2026 15:33:11 Europe/Berlin] PHP Deprecated:  htmlspecialchars(): Passing null to parameter #1 ($string) of type string is deprecated in C:\Users\HP\Desktop\HIBOS\HIBOS PROJECT(CRM)\HIBOS PROJECT(CRM)\hibos\email.php on line 82
[07-Jan-2026 15:33:26 Europe/Berlin] PHP Notice:  session_start(): Ignoring session_start() because a session is already active in C:\Users\HP\Desktop\HIBOS\HIBOS PROJECT(CRM)\HIBOS PROJECT(CRM)\hibos\config.php on line 7
[07-Jan-2026 15:33:26 Europe/Berlin] PHP Fatal error:  Uncaught Error: Class "PHPMailer\PHPMailer\PHPMailer" not found in C:\Users\HP\Desktop\HIBOS\HIBOS PROJECT(CRM)\HIBOS PROJECT(CRM)\hibos\email.php:41
Stack trace:
#0 {main}
  thrown in C:\Users\HP\Desktop\HIBOS\HIBOS PROJECT(CRM)\HIBOS PROJECT(CRM)\hibos\email.php on line 41
[07-Jan-2026 15:33:50 Europe/Berlin] PHP Notice:  session_start(): Ignoring session_start() because a session is already active in C:\Users\HP\Desktop\HIBOS\HIBOS PROJECT(CRM)\HIBOS PROJECT(CRM)\hibos\config.php on line 7
[07-Jan-2026 15:33:50 Europe/Berlin] PHP Warning:  Undefined array key "name" in C:\Users\HP\Desktop\HIBOS\HIBOS PROJECT(CRM)\HIBOS PROJECT(CRM)\hibos\email.php on line 82
[07-Jan-2026 15:33:50 Europe/Berlin] PHP Deprecated:  htmlspecialchars(): Passing null to parameter #1 ($string) of type string is deprecated in C:\Users\HP\Desktop\HIBOS\HIBOS PROJECT(CRM)\HIBOS PROJECT(CRM)\hibos\email.php on line 82
[07-Jan-2026 15:37:51 Europe/Berlin] PHP Warning:  Undefined array key "name" in C:\Users\HP\Desktop\HIBOS\HIBOS PROJECT(CRM)\HIBOS PROJECT(CRM)\hibos\index.php on line 169
[07-Jan-2026 15:37:51 Europe/Berlin] PHP Deprecated:  htmlspecialchars(): Passing null to parameter #1 ($string) of type string is deprecated in C:\Users\HP\Desktop\HIBOS\HIBOS PROJECT(CRM)\HIBOS PROJECT(CRM)\hibos\index.php on line 169
[07-Jan-2026 15:37:51 Europe/Berlin] PHP Warning:  Undefined array key "name" in C:\Users\HP\Desktop\HIBOS\HIBOS PROJECT(CRM)\HIBOS PROJECT(CRM)\hibos\index.php on line 169
[07-Jan-2026 15:37:51 Europe/Berlin] PHP Deprecated:  htmlspecialchars(): Passing null to parameter #1 ($string) of type string is deprecated in C:\Users\HP\Desktop\HIBOS\HIBOS PROJECT(CRM)\HIBOS PROJECT(CRM)\hibos\index.php on line 169
[07-Jan-2026 15:42:47 Europe/Berlin] PHP Warning:  Undefined array key "name" in C:\Users\HP\Desktop\HIBOS\HIBOS PROJECT(CRM)\HIBOS PROJECT(CRM)\hibos\index.php on line 169
[07-Jan-2026 15:42:47 Europe/Berlin] PHP Deprecated:  htmlspecialchars(): Passing null to parameter #1 ($string) of type string is deprecated in C:\Users\HP\Desktop\HIBOS\HIBOS PROJECT(CRM)\HIBOS PROJECT(CRM)\hibos\index.php on line 169
[07-Jan-2026 15:42:47 Europe/Berlin] PHP Warning:  Undefined array key "name" in C:\Users\HP\Desktop\HIBOS\HIBOS PROJECT(CRM)\HIBOS PROJECT(CRM)\hibos\index.php on line 169
[07-Jan-2026 15:42:47 Europe/Berlin] PHP Deprecated:  htmlspecialchars(): Passing null to parameter #1 ($string) of type string is deprecated in C:\Users\HP\Desktop\HIBOS\HIBOS PROJECT(CRM)\HIBOS PROJECT(CRM)\hibos\index.php on line 169
[07-Jan-2026 15:43:48 Europe/Berlin] PHP Warning:  Undefined array key "name" in C:\Users\HP\Desktop\HIBOS\HIBOS PROJECT(CRM)\HIBOS PROJECT(CRM)\hibos\show.php on line 37
[07-Jan-2026 15:43:48 Europe/Berlin] PHP Deprecated:  htmlspecialchars(): Passing null to parameter #1 ($string) of type string is deprecated in C:\Users\HP\Desktop\HIBOS\HIBOS PROJECT(CRM)\HIBOS PROJECT(CRM)\hibos\show.php on line 37
[07-Jan-2026 15:43:48 Europe/Berlin] PHP Warning:  Undefined array key "name" in C:\Users\HP\Desktop\HIBOS\HIBOS PROJECT(CRM)\HIBOS PROJECT(CRM)\hibos\show.php on line 70
[07-Jan-2026 15:43:48 Europe/Berlin] PHP Deprecated:  htmlspecialchars(): Passing null to parameter #1 ($string) of type string is deprecated in C:\Users\HP\Desktop\HIBOS\HIBOS PROJECT(CRM)\HIBOS PROJECT(CRM)\hibos\show.php on line 70
[07-Jan-2026 15:43:52 Europe/Berlin] PHP Warning:  Undefined array key "name" in C:\Users\HP\Desktop\HIBOS\HIBOS PROJECT(CRM)\HIBOS PROJECT(CRM)\hibos\index.php on line 169
[07-Jan-2026 15:43:52 Europe/Berlin] PHP Deprecated:  htmlspecialchars(): Passing null to parameter #1 ($string) of type string is deprecated in C:\Users\HP\Desktop\HIBOS\HIBOS PROJECT(CRM)\HIBOS PROJECT(CRM)\hibos\index.php on line 169
[07-Jan-2026 15:43:52 Europe/Berlin] PHP Warning:  Undefined array key "name" in C:\Users\HP\Desktop\HIBOS\HIBOS PROJECT(CRM)\HIBOS PROJECT(CRM)\hibos\index.php on line 169
[07-Jan-2026 15:43:52 Europe/Berlin] PHP Deprecated:  htmlspecialchars(): Passing null to parameter #1 ($string) of type string is deprecated in C:\Users\HP\Desktop\HIBOS\HIBOS PROJECT(CRM)\HIBOS PROJECT(CRM)\hibos\index.php on line 169
[07-Jan-2026 15:52:26 Europe/Berlin] PHP Warning:  Undefined array key "name" in C:\Users\HP\Desktop\HIBOS\HIBOS PROJECT(CRM)\HIBOS PROJECT(CRM)\hibos\index.php on line 169
[07-Jan-2026 15:52:26 Europe/Berlin] PHP Deprecated:  htmlspecialchars(): Passing null to parameter #1 ($string) of type string is deprecated in C:\Users\HP\Desktop\HIBOS\HIBOS PROJECT(CRM)\HIBOS PROJECT(CRM)\hibos\index.php on line 169
[07-Jan-2026 15:52:26 Europe/Berlin] PHP Warning:  Undefined array key "name" in C:\Users\HP\Desktop\HIBOS\HIBOS PROJECT(CRM)\HIBOS PROJECT(CRM)\hibos\index.php on line 169
[07-Jan-2026 15:52:26 Europe/Berlin] PHP Deprecated:  htmlspecialchars(): Passing null to parameter #1 ($string) of type string is deprecated in C:\Users\HP\Desktop\HIBOS\HIBOS PROJECT(CRM)\HIBOS PROJECT(CRM)\hibos\index.php on line 169
[07-Jan-2026 15:52:40 Europe/Berlin] PHP Fatal error:  Uncaught PDOException: SQLSTATE[42000]: Syntax error or access violation: 1064 You have an error in your SQL syntax; check the manual that corresponds to your MariaDB server version for the right syntax to use near '... city LIKE '%casa%' GROUP BY c.id ORDER BY ...' at line 1 in C:\Users\HP\Desktop\HIBOS\HIBOS PROJECT(CRM)\HIBOS PROJECT(CRM)\hibos\index.php:42
Stack trace:
#0 C:\Users\HP\Desktop\HIBOS\HIBOS PROJECT(CRM)\HIBOS PROJECT(CRM)\hibos\index.php(42): PDOStatement->execute()
#1 {main}
  thrown in C:\Users\HP\Desktop\HIBOS\HIBOS PROJECT(CRM)\HIBOS PROJECT(CRM)\hibos\index.php on line 42
[07-Jan-2026 15:52:44 Europe/Berlin] PHP Warning:  Undefined array key "name" in C:\Users\HP\Desktop\HIBOS\HIBOS PROJECT(CRM)\HIBOS PROJECT(CRM)\hibos\index.php on line 169
[07-Jan-2026 15:52:44 Europe/Berlin] PHP Deprecated:  htmlspecialchars(): Passing null to parameter #1 ($string) of type string is deprecated in C:\Users\HP\Desktop\HIBOS\HIBOS PROJECT(CRM)\HIBOS PROJECT(CRM)\hibos\index.php on line 169
[07-Jan-2026 15:52:44 Europe/Berlin] PHP Warning:  Undefined array key "name" in C:\Users\HP\Desktop\HIBOS\HIBOS PROJECT(CRM)\HIBOS PROJECT(CRM)\hibos\index.php on line 169
[07-Jan-2026 15:52:44 Europe/Berlin] PHP Deprecated:  htmlspecialchars(): Passing null to parameter #1 ($string) of type string is deprecated in C:\Users\HP\Desktop\HIBOS\HIBOS PROJECT(CRM)\HIBOS PROJECT(CRM)\hibos\index.php on line 169
[07-Jan-2026 16:49:49 Europe/Berlin] PHP Notice:  session_start(): Ignoring session_start() because a session is already active in C:\Users\HP\Desktop\HIBOS\HIBOS PROJECT(CRM)\HIBOS PROJECT(CRM)\hibos\config.php on line 7
[07-Jan-2026 16:49:49 Europe/Berlin] PHP Warning:  Undefined array key "name" in C:\Users\HP\Desktop\HIBOS\HIBOS PROJECT(CRM)\HIBOS PROJECT(CRM)\hibos\edit.php on line 140
[07-Jan-2026 16:49:49 Europe/Berlin] PHP Deprecated:  htmlspecialchars(): Passing null to parameter #1 ($string) of type string is deprecated in C:\Users\HP\Desktop\HIBOS\HIBOS PROJECT(CRM)\HIBOS PROJECT(CRM)\hibos\edit.php on line 140
[07-Jan-2026 16:49:55 Europe/Berlin] PHP Notice:  session_start(): Ignoring session_start() because a session is already active in C:\Users\HP\Desktop\HIBOS\HIBOS PROJECT(CRM)\HIBOS PROJECT(CRM)\hibos\config.php on line 7
[07-Jan-2026 16:49:55 Europe/Berlin] PHP Warning:  Undefined array key "name" in C:\Users\HP\Desktop\HIBOS\HIBOS PROJECT(CRM)\HIBOS PROJECT(CRM)\hibos\email.php on line 82
[07-Jan-2026 16:49:55 Europe/Berlin] PHP Deprecated:  htmlspecialchars(): Passing null to parameter #1 ($string) of type string is deprecated in C:\Users\HP\Desktop\HIBOS\HIBOS PROJECT(CRM)\HIBOS PROJECT(CRM)\hibos\email.php on line 82
[07-Jan-2026 16:50:06 Europe/Berlin] PHP Notice:  session_start(): Ignoring session_start() because a session is already active in C:\Users\HP\Desktop\HIBOS\HIBOS PROJECT(CRM)\HIBOS PROJECT(CRM)\hibos\config.php on line 7
[07-Jan-2026 16:52:16 Europe/Berlin] PHP Notice:  session_start(): Ignoring session_start() because a session is already active in C:\Users\HP\Desktop\HIBOS\HIBOS PROJECT(CRM)\HIBOS PROJECT(CRM)\hibos\config.php on line 7
[07-Jan-2026 16:52:36 Europe/Berlin] PHP Notice:  session_start(): Ignoring session_start() because a session is already active in C:\Users\HP\Desktop\HIBOS\HIBOS PROJECT(CRM)\HIBOS PROJECT(CRM)\hibos\config.php on line 7
[07-Jan-2026 16:56:39 Europe/Berlin] PHP Notice:  session_start(): Ignoring session_start() because a session is already active in C:\Users\HP\Desktop\HIBOS\HIBOS PROJECT(CRM)\HIBOS PROJECT(CRM)\hibos\config.php on line 7
[07-Jan-2026 16:56:54 Europe/Berlin] PHP Notice:  session_start(): Ignoring session_start() because a session is already active in C:\Users\HP\Desktop\HIBOS\HIBOS PROJECT(CRM)\HIBOS PROJECT(CRM)\hibos\config.php on line 7
[07-Jan-2026 16:57:38 Europe/Berlin] PHP Notice:  session_start(): Ignoring session_start() because a session is already active in C:\Users\HP\Desktop\HIBOS\HIBOS PROJECT(CRM)\HIBOS PROJECT(CRM)\hibos\config.php on line 7
[07-Jan-2026 16:57:44 Europe/Berlin] PHP Notice:  session_start(): Ignoring session_start() because a session is already active in C:\Users\HP\Desktop\HIBOS\HIBOS PROJECT(CRM)\HIBOS PROJECT(CRM)\hibos\config.php on line 7
[07-Jan-2026 16:57:44 Europe/Berlin] PHP Warning:  Undefined array key "name" in C:\Users\HP\Desktop\HIBOS\HIBOS PROJECT(CRM)\HIBOS PROJECT(CRM)\hibos\email.php on line 82
[07-Jan-2026 16:57:44 Europe/Berlin] PHP Deprecated:  htmlspecialchars(): Passing null to parameter #1 ($string) of type string is deprecated in C:\Users\HP\Desktop\HIBOS\HIBOS PROJECT(CRM)\HIBOS PROJECT(CRM)\hibos\email.php on line 82
[07-Jan-2026 16:57:55 Europe/Berlin] PHP Notice:  session_start(): Ignoring session_start() because a session is already active in C:\Users\HP\Desktop\HIBOS\HIBOS PROJECT(CRM)\HIBOS PROJECT(CRM)\hibos\config.php on line 7
[07-Jan-2026 16:57:55 Europe/Berlin] PHP Fatal error:  Uncaught Error: Class "PHPMailer\PHPMailer\PHPMailer" not found in C:\Users\HP\Desktop\HIBOS\HIBOS PROJECT(CRM)\HIBOS PROJECT(CRM)\hibos\email.php:41
Stack trace:
#0 {main}
  thrown in C:\Users\HP\Desktop\HIBOS\HIBOS PROJECT(CRM)\HIBOS PROJECT(CRM)\hibos\email.php on line 41
[07-Jan-2026 16:58:14 Europe/Berlin] PHP Notice:  session_start(): Ignoring session_start() because a session is already active in C:\Users\HP\Desktop\HIBOS\HIBOS PROJECT(CRM)\HIBOS PROJECT(CRM)\hibos\config.php on line 7
[07-Jan-2026 16:58:14 Europe/Berlin] PHP Warning:  Undefined array key "name" in C:\Users\HP\Desktop\HIBOS\HIBOS PROJECT(CRM)\HIBOS PROJECT(CRM)\hibos\email.php on line 82
[07-Jan-2026 16:58:14 Europe/Berlin] PHP Deprecated:  htmlspecialchars(): Passing null to parameter #1 ($string) of type string is deprecated in C:\Users\HP\Desktop\HIBOS\HIBOS PROJECT(CRM)\HIBOS PROJECT(CRM)\hibos\email.php on line 82
[07-Jan-2026 16:58:37 Europe/Berlin] PHP Notice:  session_start(): Ignoring session_start() because a session is already active in C:\Users\HP\Desktop\HIBOS\HIBOS PROJECT(CRM)\HIBOS PROJECT(CRM)\hibos\config.php on line 7
[07-Jan-2026 16:59:03 Europe/Berlin] PHP Notice:  session_start(): Ignoring session_start() because a session is already active in C:\Users\HP\Desktop\HIBOS\HIBOS PROJECT(CRM)\HIBOS PROJECT(CRM)\hibos\config.php on line 7
[07-Jan-2026 16:59:10 Europe/Berlin] PHP Notice:  session_start(): Ignoring session_start() because a session is already active in C:\Users\HP\Desktop\HIBOS\HIBOS PROJECT(CRM)\HIBOS PROJECT(CRM)\hibos\config.php on line 7
[07-Jan-2026 16:59:10 Europe/Berlin] PHP Warning:  Undefined array key "name" in C:\Users\HP\Desktop\HIBOS\HIBOS PROJECT(CRM)\HIBOS PROJECT(CRM)\hibos\delete.php on line 85
[07-Jan-2026 16:59:10 Europe/Berlin] PHP Deprecated:  htmlspecialchars(): Passing null to parameter #1 ($string) of type string is deprecated in C:\Users\HP\Desktop\HIBOS\HIBOS PROJECT(CRM)\HIBOS PROJECT(CRM)\hibos\delete.php on line 85
[07-Jan-2026 16:59:37 Europe/Berlin] PHP Notice:  session_start(): Ignoring session_start() because a session is already active in C:\Users\HP\Desktop\HIBOS\HIBOS PROJECT(CRM)\HIBOS PROJECT(CRM)\hibos\config.php on line 7
[07-Jan-2026 17:08:55 Europe/Berlin] PHP Notice:  session_start(): Ignoring session_start() because a session is already active in C:\Users\HP\Desktop\HIBOS\HIBOS PROJECT(CRM)\HIBOS PROJECT(CRM)\hibos\config.php on line 7
[07-Jan-2026 17:09:06 Europe/Berlin] PHP Notice:  session_start(): Ignoring session_start() because a session is already active in C:\Users\HP\Desktop\HIBOS\HIBOS PROJECT(CRM)\HIBOS PROJECT(CRM)\hibos\config.php on line 7
[07-Jan-2026 17:09:10 Europe/Berlin] PHP Notice:  session_start(): Ignoring session_start() because a session is already active in C:\Users\HP\Desktop\HIBOS\HIBOS PROJECT(CRM)\HIBOS PROJECT(CRM)\hibos\config.php on line 7
[07-Jan-2026 17:09:10 Europe/Berlin] PHP Warning:  Undefined array key "name" in C:\Users\HP\Desktop\HIBOS\HIBOS PROJECT(CRM)\HIBOS PROJECT(CRM)\hibos\email.php on line 82
[07-Jan-2026 17:09:10 Europe/Berlin] PHP Deprecated:  htmlspecialchars(): Passing null to parameter #1 ($string) of type string is deprecated in C:\Users\HP\Desktop\HIBOS\HIBOS PROJECT(CRM)\HIBOS PROJECT(CRM)\hibos\email.php on line 82
[07-Jan-2026 17:09:15 Europe/Berlin] PHP Notice:  session_start(): Ignoring session_start() because a session is already active in C:\Users\HP\Desktop\HIBOS\HIBOS PROJECT(CRM)\HIBOS PROJECT(CRM)\hibos\config.php on line 7
[07-Jan-2026 17:09:15 Europe/Berlin] PHP Warning:  Undefined array key "name" in C:\Users\HP\Desktop\HIBOS\HIBOS PROJECT(CRM)\HIBOS PROJECT(CRM)\hibos\email.php on line 82
[07-Jan-2026 17:09:15 Europe/Berlin] PHP Deprecated:  htmlspecialchars(): Passing null to parameter #1 ($string) of type string is deprecated in C:\Users\HP\Desktop\HIBOS\HIBOS PROJECT(CRM)\HIBOS PROJECT(CRM)\hibos\email.php on line 82
[07-Jan-2026 17:09:29 Europe/Berlin] PHP Notice:  session_start(): Ignoring session_start() because a session is already active in C:\Users\HP\Desktop\HIBOS\HIBOS PROJECT(CRM)\HIBOS PROJECT(CRM)\hibos\config.php on line 7
[07-Jan-2026 17:09:29 Europe/Berlin] PHP Fatal error:  Uncaught Error: Class "PHPMailer\PHPMailer\PHPMailer" not found in C:\Users\HP\Desktop\HIBOS\HIBOS PROJECT(CRM)\HIBOS PROJECT(CRM)\hibos\email.php:41
Stack trace:
#0 {main}
  thrown in C:\Users\HP\Desktop\HIBOS\HIBOS PROJECT(CRM)\HIBOS PROJECT(CRM)\hibos\email.php on line 41
[07-Jan-2026 17:09:31 Europe/Berlin] PHP Notice:  session_start(): Ignoring session_start() because a session is already active in C:\Users\HP\Desktop\HIBOS\HIBOS PROJECT(CRM)\HIBOS PROJECT(CRM)\hibos\config.php on line 7
[07-Jan-2026 17:09:31 Europe/Berlin] PHP Warning:  Undefined array key "name" in C:\Users\HP\Desktop\HIBOS\HIBOS PROJECT(CRM)\HIBOS PROJECT(CRM)\hibos\email.php on line 82
[07-Jan-2026 17:09:31 Europe/Berlin] PHP Deprecated:  htmlspecialchars(): Passing null to parameter #1 ($string) of type string is deprecated in C:\Users\HP\Desktop\HIBOS\HIBOS PROJECT(CRM)\HIBOS PROJECT(CRM)\hibos\email.php on line 82
[07-Jan-2026 17:10:58 Europe/Berlin] PHP Notice:  session_start(): Ignoring session_start() because a session is already active in C:\Users\HP\Desktop\HIBOS\HIBOS PROJECT(CRM)\HIBOS PROJECT(CRM)\hibos\config.php on line 7
[07-Jan-2026 17:11:05 Europe/Berlin] PHP Notice:  session_start(): Ignoring session_start() because a session is already active in C:\Users\HP\Desktop\HIBOS\HIBOS PROJECT(CRM)\HIBOS PROJECT(CRM)\hibos\config.php on line 7
[07-Jan-2026 17:11:05 Europe/Berlin] PHP Warning:  Undefined array key "name" in C:\Users\HP\Desktop\HIBOS\HIBOS PROJECT(CRM)\HIBOS PROJECT(CRM)\hibos\email.php on line 82
[07-Jan-2026 17:11:05 Europe/Berlin] PHP Deprecated:  htmlspecialchars(): Passing null to parameter #1 ($string) of type string is deprecated in C:\Users\HP\Desktop\HIBOS\HIBOS PROJECT(CRM)\HIBOS PROJECT(CRM)\hibos\email.php on line 82
[07-Jan-2026 17:11:15 Europe/Berlin] PHP Notice:  session_start(): Ignoring session_start() because a session is already active in C:\Users\HP\Desktop\HIBOS\HIBOS PROJECT(CRM)\HIBOS PROJECT(CRM)\hibos\config.php on line 7
[07-Jan-2026 17:11:20 Europe/Berlin] PHP Notice:  session_start(): Ignoring session_start() because a session is already active in C:\Users\HP\Desktop\HIBOS\HIBOS PROJECT(CRM)\HIBOS PROJECT(CRM)\hibos\config.php on line 7
[07-Jan-2026 17:11:27 Europe/Berlin] PHP Notice:  session_start(): Ignoring session_start() because a session is already active in C:\Users\HP\Desktop\HIBOS\HIBOS PROJECT(CRM)\HIBOS PROJECT(CRM)\hibos\config.php on line 7
[07-Jan-2026 17:11:27 Europe/Berlin] PHP Warning:  Undefined array key "name" in C:\Users\HP\Desktop\HIBOS\HIBOS PROJECT(CRM)\HIBOS PROJECT(CRM)\hibos\delete.php on line 85
[07-Jan-2026 17:11:27 Europe/Berlin] PHP Deprecated:  htmlspecialchars(): Passing null to parameter #1 ($string) of type string is deprecated in C:\Users\HP\Desktop\HIBOS\HIBOS PROJECT(CRM)\HIBOS PROJECT(CRM)\hibos\delete.php on line 85
[07-Jan-2026 17:11:34 Europe/Berlin] PHP Notice:  session_start(): Ignoring session_start() because a session is already active in C:\Users\HP\Desktop\HIBOS\HIBOS PROJECT(CRM)\HIBOS PROJECT(CRM)\hibos\config.php on line 7
[07-Jan-2026 17:11:34 Europe/Berlin] PHP Warning:  Undefined array key "name" in C:\Users\HP\Desktop\HIBOS\HIBOS PROJECT(CRM)\HIBOS PROJECT(CRM)\hibos\show.php on line 37
[07-Jan-2026 17:11:34 Europe/Berlin] PHP Deprecated:  htmlspecialchars(): Passing null to parameter #1 ($string) of type string is deprecated in C:\Users\HP\Desktop\HIBOS\HIBOS PROJECT(CRM)\HIBOS PROJECT(CRM)\hibos\show.php on line 37
[07-Jan-2026 17:11:34 Europe/Berlin] PHP Warning:  Undefined array key "name" in C:\Users\HP\Desktop\HIBOS\HIBOS PROJECT(CRM)\HIBOS PROJECT(CRM)\hibos\show.php on line 70
[07-Jan-2026 17:11:34 Europe/Berlin] PHP Deprecated:  htmlspecialchars(): Passing null to parameter #1 ($string) of type string is deprecated in C:\Users\HP\Desktop\HIBOS\HIBOS PROJECT(CRM)\HIBOS PROJECT(CRM)\hibos\show.php on line 70
[07-Jan-2026 17:13:13 Europe/Berlin] PHP Notice:  session_start(): Ignoring session_start() because a session is already active in C:\Users\HP\Desktop\HIBOS\HIBOS PROJECT(CRM)\HIBOS PROJECT(CRM)\hibos\config.php on line 7
[07-Jan-2026 17:13:28 Europe/Berlin] PHP Notice:  session_start(): Ignoring session_start() because a session is already active in C:\Users\HP\Desktop\HIBOS\HIBOS PROJECT(CRM)\HIBOS PROJECT(CRM)\hibos\config.php on line 7
[07-Jan-2026 17:14:21 Europe/Berlin] PHP Notice:  session_start(): Ignoring session_start() because a session is already active in C:\Users\HP\Desktop\HIBOS\HIBOS PROJECT(CRM)\HIBOS PROJECT(CRM)\hibos\config.php on line 7
[07-Jan-2026 17:14:31 Europe/Berlin] PHP Notice:  session_start(): Ignoring session_start() because a session is already active in C:\Users\HP\Desktop\HIBOS\HIBOS PROJECT(CRM)\HIBOS PROJECT(CRM)\hibos\config.php on line 7
[07-Jan-2026 17:14:31 Europe/Berlin] PHP Warning:  Undefined variable $mail in C:\Users\HP\Desktop\HIBOS\HIBOS PROJECT(CRM)\HIBOS PROJECT(CRM)\hibos\email.php on line 43
[07-Jan-2026 17:14:31 Europe/Berlin] PHP Fatal error:  Uncaught Error: Call to a member function isSMTP() on null in C:\Users\HP\Desktop\HIBOS\HIBOS PROJECT(CRM)\HIBOS PROJECT(CRM)\hibos\email.php:43
Stack trace:
#0 {main}
  thrown in C:\Users\HP\Desktop\HIBOS\HIBOS PROJECT(CRM)\HIBOS PROJECT(CRM)\hibos\email.php on line 43
[07-Jan-2026 17:14:44 Europe/Berlin] PHP Notice:  session_start(): Ignoring session_start() because a session is already active in C:\Users\HP\Desktop\HIBOS\HIBOS PROJECT(CRM)\HIBOS PROJECT(CRM)\hibos\config.php on line 7
[07-Jan-2026 17:14:47 Europe/Berlin] PHP Notice:  session_start(): Ignoring session_start() because a session is already active in C:\Users\HP\Desktop\HIBOS\HIBOS PROJECT(CRM)\HIBOS PROJECT(CRM)\hibos\config.php on line 7
[07-Jan-2026 17:14:47 Europe/Berlin] PHP Warning:  Undefined variable $mail in C:\Users\HP\Desktop\HIBOS\HIBOS PROJECT(CRM)\HIBOS PROJECT(CRM)\hibos\email.php on line 43
[07-Jan-2026 17:14:47 Europe/Berlin] PHP Fatal error:  Uncaught Error: Call to a member function isSMTP() on null in C:\Users\HP\Desktop\HIBOS\HIBOS PROJECT(CRM)\HIBOS PROJECT(CRM)\hibos\email.php:43
Stack trace:
#0 {main}
  thrown in C:\Users\HP\Desktop\HIBOS\HIBOS PROJECT(CRM)\HIBOS PROJECT(CRM)\hibos\email.php on line 43
[07-Jan-2026 17:14:54 Europe/Berlin] PHP Notice:  session_start(): Ignoring session_start() because a session is already active in C:\Users\HP\Desktop\HIBOS\HIBOS PROJECT(CRM)\HIBOS PROJECT(CRM)\hibos\config.php on line 7
[07-Jan-2026 19:45:29 Europe/Berlin] PHP Notice:  session_start(): Ignoring session_start() because a session is already active in C:\Users\HP\Desktop\HIBOS\HIBOS PROJECT(CRM)\HIBOS PROJECT(CRM)\hibos\config.php on line 7
[07-Jan-2026 19:45:41 Europe/Berlin] PHP Notice:  session_start(): Ignoring session_start() because a session is already active in C:\Users\HP\Desktop\HIBOS\HIBOS PROJECT(CRM)\HIBOS PROJECT(CRM)\hibos\config.php on line 7
[07-Jan-2026 19:45:48 Europe/Berlin] PHP Notice:  session_start(): Ignoring session_start() because a session is already active in C:\Users\HP\Desktop\HIBOS\HIBOS PROJECT(CRM)\HIBOS PROJECT(CRM)\hibos\config.php on line 7
[07-Jan-2026 19:48:14 Europe/Berlin] PHP Notice:  session_start(): Ignoring session_start() because a session is already active in C:\Users\HP\Desktop\HIBOS\HIBOS PROJECT(CRM)\HIBOS PROJECT(CRM)\hibos\config.php on line 7
[07-Jan-2026 19:48:15 Europe/Berlin] PHP Warning:  Undefined array key "name" in C:\Users\HP\Desktop\HIBOS\HIBOS PROJECT(CRM)\HIBOS PROJECT(CRM)\hibos\show.php on line 37
[07-Jan-2026 19:48:15 Europe/Berlin] PHP Deprecated:  htmlspecialchars(): Passing null to parameter #1 ($string) of type string is deprecated in C:\Users\HP\Desktop\HIBOS\HIBOS PROJECT(CRM)\HIBOS PROJECT(CRM)\hibos\show.php on line 37
[07-Jan-2026 19:48:15 Europe/Berlin] PHP Warning:  Undefined array key "name" in C:\Users\HP\Desktop\HIBOS\HIBOS PROJECT(CRM)\HIBOS PROJECT(CRM)\hibos\show.php on line 70
[07-Jan-2026 19:48:15 Europe/Berlin] PHP Deprecated:  htmlspecialchars(): Passing null to parameter #1 ($string) of type string is deprecated in C:\Users\HP\Desktop\HIBOS\HIBOS PROJECT(CRM)\HIBOS PROJECT(CRM)\hibos\show.php on line 70
[07-Jan-2026 19:48:36 Europe/Berlin] PHP Notice:  session_start(): Ignoring session_start() because a session is already active in C:\Users\HP\Desktop\HIBOS\HIBOS PROJECT(CRM)\HIBOS PROJECT(CRM)\hibos\config.php on line 7
[07-Jan-2026 19:48:43 Europe/Berlin] PHP Notice:  session_start(): Ignoring session_start() because a session is already active in C:\Users\HP\Desktop\HIBOS\HIBOS PROJECT(CRM)\HIBOS PROJECT(CRM)\hibos\config.php on line 7
[07-Jan-2026 19:51:03 Europe/Berlin] PHP Notice:  session_start(): Ignoring session_start() because a session is already active in C:\Users\HP\Desktop\HIBOS\HIBOS PROJECT(CRM)\HIBOS PROJECT(CRM)\hibos\config.php on line 7
[07-Jan-2026 19:51:18 Europe/Berlin] PHP Notice:  session_start(): Ignoring session_start() because a session is already active in C:\Users\HP\Desktop\HIBOS\HIBOS PROJECT(CRM)\HIBOS PROJECT(CRM)\hibos\config.php on line 7
[07-Jan-2026 19:51:18 Europe/Berlin] PHP Warning:  Undefined array key "name" in C:\Users\HP\Desktop\HIBOS\HIBOS PROJECT(CRM)\HIBOS PROJECT(CRM)\hibos\show.php on line 37
[07-Jan-2026 19:51:18 Europe/Berlin] PHP Deprecated:  htmlspecialchars(): Passing null to parameter #1 ($string) of type string is deprecated in C:\Users\HP\Desktop\HIBOS\HIBOS PROJECT(CRM)\HIBOS PROJECT(CRM)\hibos\show.php on line 37
[07-Jan-2026 19:51:18 Europe/Berlin] PHP Warning:  Undefined array key "name" in C:\Users\HP\Desktop\HIBOS\HIBOS PROJECT(CRM)\HIBOS PROJECT(CRM)\hibos\show.php on line 70
[07-Jan-2026 19:51:18 Europe/Berlin] PHP Deprecated:  htmlspecialchars(): Passing null to parameter #1 ($string) of type string is deprecated in C:\Users\HP\Desktop\HIBOS\HIBOS PROJECT(CRM)\HIBOS PROJECT(CRM)\hibos\show.php on line 70
[07-Jan-2026 20:00:08 Europe/Berlin] PHP Notice:  session_start(): Ignoring session_start() because a session is already active in C:\Users\HP\Desktop\HIBOS\HIBOS PROJECT(CRM)\HIBOS PROJECT(CRM)\hibos\config.php on line 7
[07-Jan-2026 20:00:55 Europe/Berlin] PHP Notice:  session_start(): Ignoring session_start() because a session is already active in C:\Users\HP\Desktop\HIBOS\HIBOS PROJECT(CRM)\HIBOS PROJECT(CRM)\hibos\config.php on line 7
[07-Jan-2026 20:01:01 Europe/Berlin] PHP Notice:  session_start(): Ignoring session_start() because a session is already active in C:\Users\HP\Desktop\HIBOS\HIBOS PROJECT(CRM)\HIBOS PROJECT(CRM)\hibos\config.php on line 7
[07-Jan-2026 20:01:16 Europe/Berlin] PHP Notice:  session_start(): Ignoring session_start() because a session is already active in C:\Users\HP\Desktop\HIBOS\HIBOS PROJECT(CRM)\HIBOS PROJECT(CRM)\hibos\config.php on line 7
[07-Jan-2026 20:15:56 Europe/Berlin] PHP Notice:  session_start(): Ignoring session_start() because a session is already active in C:\Users\HP\Desktop\HIBOS\HIBOS PROJECT(CRM)\HIBOS PROJECT(CRM)\hibos\config.php on line 7
[07-Jan-2026 20:16:11 Europe/Berlin] PHP Notice:  session_start(): Ignoring session_start() because a session is already active in C:\Users\HP\Desktop\HIBOS\HIBOS PROJECT(CRM)\HIBOS PROJECT(CRM)\hibos\config.php on line 7
[07-Jan-2026 20:21:37 Europe/Berlin] PHP Notice:  session_start(): Ignoring session_start() because a session is already active in C:\Users\HP\Desktop\HIBOS\HIBOS PROJECT(CRM)\HIBOS PROJECT(CRM)\hibos\config.php on line 7
[07-Jan-2026 20:21:48 Europe/Berlin] PHP Notice:  session_start(): Ignoring session_start() because a session is already active in C:\Users\HP\Desktop\HIBOS\HIBOS PROJECT(CRM)\HIBOS PROJECT(CRM)\hibos\config.php on line 7
[07-Jan-2026 20:21:53 Europe/Berlin] PHP Notice:  session_start(): Ignoring session_start() because a session is already active in C:\Users\HP\Desktop\HIBOS\HIBOS PROJECT(CRM)\HIBOS PROJECT(CRM)\hibos\config.php on line 7
[07-Jan-2026 20:29:28 Europe/Berlin] PHP Notice:  session_start(): Ignoring session_start() because a session is already active in C:\Users\HP\Desktop\HIBOS\HIBOS PROJECT(CRM)\HIBOS PROJECT(CRM)\hibos\config.php on line 7
[07-Jan-2026 20:30:18 Europe/Berlin] PHP Notice:  session_start(): Ignoring session_start() because a session is already active in C:\Users\HP\Desktop\HIBOS\HIBOS PROJECT(CRM)\HIBOS PROJECT(CRM)\hibos\config.php on line 7
[07-Jan-2026 20:30:49 Europe/Berlin] PHP Notice:  session_start(): Ignoring session_start() because a session is already active in C:\Users\HP\Desktop\HIBOS\HIBOS PROJECT(CRM)\HIBOS PROJECT(CRM)\hibos\config.php on line 7
[07-Jan-2026 20:31:36 Europe/Berlin] PHP Notice:  session_start(): Ignoring session_start() because a session is already active in C:\Users\HP\Desktop\HIBOS\HIBOS PROJECT(CRM)\HIBOS PROJECT(CRM)\hibos\config.php on line 7
